<?xml version="1.0" encoding="UTF-8"?>
<!-- Generated by org.testng.reporters.JUnitXMLReporter -->
<testsuite ignored="0" hostname="LAPTOP-7FATCTMG" failures="0" tests="7" name="Default test" time="101.105" errors="0" timestamp="2024-12-11T03:28:52 NZDT">
  <testcase classname="vibhaPlanitTest.PlanitJupiterTest" name="SubmitContactDetailsAndVerifySuccessMessage" time="23.637"/>
  <testcase classname="vibhaPlanitTest.PlanitJupiterTest" name="SubmitContactDetailsAndVerifySuccessMessage" time="12.99"/>
  <testcase classname="vibhaPlanitTest.PlanitJupiterTest" name="SubmitContactDetailsAndVerifySuccessMessage" time="19.052"/>
  <testcase classname="vibhaPlanitTest.PlanitJupiterTest" name="SubmitContactDetailsAndVerifySuccessMessage" time="11.836"/>
  <testcase classname="vibhaPlanitTest.PlanitJupiterTest" name="SubmitContactDetailsAndVerifySuccessMessage" time="11.96"/>
  <testcase classname="vibhaPlanitTest.PlanitJupiterTest" name="VerifyContactPageErrorMessages" time="12.758"/>
  <testcase classname="vibhaPlanitTest.PlanitJupiterTest" name="verifyingCartTest" time="8.776"/>
</testsuite> <!-- Default test -->
